<?xml version="1.0" encoding="UTF-8"?>
<!-- Generated by org.testng.reporters.JUnitReportReporter -->
<testsuite skipped="0" hostname="Pravin" name="Maven.UE2EFramework.ValidateNavBar" tests="1" failures="0" timestamp="21 Sep 2020 18:54:42 GMT" time="2.704" errors="0">
  <testcase name="validateNavigation" time="2.704" classname="Maven.UE2EFramework.ValidateNavBar"/>
</testsuite> <!-- Maven.UE2EFramework.ValidateNavBar -->
