<?xml version="1.0" encoding="UTF-8"?>
<!-- Generated by org.testng.reporters.JUnitReportReporter -->
<testsuite skipped="0" hostname="Pravin" name="Maven.UE2EFramework.HomePage" tests="2" failures="0" timestamp="21 Sep 2020 18:54:42 GMT" time="44.527" errors="0">
  <testcase name="basePageNavigation" time="25.412" classname="Maven.UE2EFramework.HomePage"/>
  <testcase name="basePageNavigation" time="19.115" classname="Maven.UE2EFramework.HomePage"/>
</testsuite> <!-- Maven.UE2EFramework.HomePage -->
